# JRE version: OpenJDK Runtime Environment (17.0.6) (build 17.0.6+0-b2043.56-9586694)
# Java VM: OpenJDK 64-Bit Server VM (17.0.6+0-b2043.56-9586694, mixed mode, tiered, compressed oops, compressed class ptrs, g1 gc, windows-amd64)
GC Precious Log:
 CPUs: 4 total, 4 available
 Memory: 8057M
 Large Page Support: Disabled
 NUMA Support: Disabled
 Compressed Oops: Enabled (32-bit)
 Heap Region Size: 1M
 Heap Min Capacity: 8M
 Heap Initial Capacity: 126M
 Heap Max Capacity: 1536M
 Pre-touch: Disabled
 Parallel Workers: 4
 Concurrent Workers: 1
 Concurrent Refinement Workers: 4
 Periodic GC: Disabled
Heap:
 garbage-first heap   total 288768K, used 92520K [0x00000000a0000000, 0x0000000100000000)
  region size 1024K, 50 young (51200K), 3 survivors (3072K)
 Metaspace       used 64822K, committed 65344K, reserved 1105920K
  class space    used 8438K, committed 8640K, reserved 1048576K
GC Heap History (20 events):
Event: 1682.627 GC heap before
{Heap before GC invocations=26 (full 0):
 garbage-first heap   total 116736K, used 47272K [0x00000000a0000000, 0x0000000100000000)
  region size 1024K, 5 young (5120K), 2 survivors (2048K)
 Metaspace       used 64777K, committed 65344K, reserved 1105920K
  class space    used 8437K, committed 8640K, reserved 1048576K
}
Event: 1682.636 GC heap after
{Heap after GC invocations=27 (full 0):
 garbage-first heap   total 116736K, used 43760K [0x00000000a0000000, 0x0000000100000000)
  region size 1024K, 1 young (1024K), 1 survivors (1024K)
 Metaspace       used 64777K, committed 65344K, reserved 1105920K
  class space    used 8437K, committed 8640K, reserved 1048576K
}
Event: 1683.085 GC heap before
{Heap before GC invocations=27 (full 0):
 garbage-first heap   total 116736K, used 95984K [0x00000000a0000000, 0x0000000100000000)
  region size 1024K, 52 young (53248K), 1 survivors (1024K)
 Metaspace       used 64782K, committed 65344K, reserved 1105920K
  class space    used 8437K, committed 8640K, reserved 1048576K
}
Event: 1683.087 GC heap after
{Heap after GC invocations=28 (full 0):
 garbage-first heap   total 116736K, used 44053K [0x00000000a0000000, 0x0000000100000000)
  region size 1024K, 1 young (1024K), 1 survivors (1024K)
 Metaspace       used 64782K, committed 65344K, reserved 1105920K
  class space    used 8437K, committed 8640K, reserved 1048576K
}
Event: 1683.446 GC heap before
{Heap before GC invocations=28 (full 0):
 garbage-first heap   total 116736K, used 96277K [0x00000000a0000000, 0x0000000100000000)
  region size 1024K, 53 young (54272K), 1 survivors (1024K)
 Metaspace       used 64782K, committed 65344K, reserved 1105920K
  class space    used 8437K, committed 8640K, reserved 1048576K
}
Event: 1683.450 GC heap after
{Heap after GC invocations=29 (full 0):
 garbage-first heap   total 116736K, used 44676K [0x00000000a0000000, 0x0000000100000000)
  region size 1024K, 2 young (2048K), 2 survivors (2048K)
 Metaspace       used 64782K, committed 65344K, reserved 1105920K
  class space    used 8437K, committed 8640K, reserved 1048576K
}
Event: 1683.760 GC heap before
{Heap before GC invocations=29 (full 0):
 garbage-first heap   total 116736K, used 97924K [0x00000000a0000000, 0x0000000100000000)
  region size 1024K, 54 young (55296K), 2 survivors (2048K)
 Metaspace       used 64782K, committed 65344K, reserved 1105920K
  class space    used 8437K, committed 8640K, reserved 1048576K
}
Event: 1683.764 GC heap after
{Heap after GC invocations=30 (full 0):
 garbage-first heap   total 116736K, used 45448K [0x00000000a0000000, 0x0000000100000000)
  region size 1024K, 3 young (3072K), 3 survivors (3072K)
 Metaspace       used 64782K, committed 65344K, reserved 1105920K
  class space    used 8437K, committed 8640K, reserved 1048576K
}
Event: 1684.043 GC heap before
{Heap before GC invocations=31 (full 0):
 garbage-first heap   total 116736K, used 97672K [0x00000000a0000000, 0x0000000100000000)
  region size 1024K, 54 young (55296K), 3 survivors (3072K)
 Metaspace       used 64782K, committed 65344K, reserved 1105920K
  class space    used 8437K, committed 8640K, reserved 1048576K
}
Event: 1684.047 GC heap after
{Heap after GC invocations=32 (full 0):
 garbage-first heap   total 116736K, used 45632K [0x00000000a0000000, 0x0000000100000000)
  region size 1024K, 3 young (3072K), 3 survivors (3072K)
 Metaspace       used 64782K, committed 65344K, reserved 1105920K
  class space    used 8437K, committed 8640K, reserved 1048576K
}
Event: 1684.053 GC heap before
{Heap before GC invocations=32 (full 0):
 garbage-first heap   total 116736K, used 47680K [0x00000000a0000000, 0x0000000100000000)
  region size 1024K, 5 young (5120K), 3 survivors (3072K)
 Metaspace       used 64782K, committed 65344K, reserved 1105920K
  class space    used 8437K, committed 8640K, reserved 1048576K
}
Event: 1684.111 GC heap after
{Heap after GC invocations=33 (full 0):
 garbage-first heap   total 288768K, used 45244K [0x00000000a0000000, 0x0000000100000000)
  region size 1024K, 1 young (1024K), 1 survivors (1024K)
 Metaspace       used 64782K, committed 65344K, reserved 1105920K
  class space    used 8437K, committed 8640K, reserved 1048576K
}
Event: 1688.142 GC heap before
{Heap before GC invocations=33 (full 0):
 garbage-first heap   total 288768K, used 216252K [0x00000000a0000000, 0x0000000100000000)
  region size 1024K, 170 young (174080K), 1 survivors (1024K)
 Metaspace       used 64788K, committed 65344K, reserved 1105920K
  class space    used 8437K, committed 8640K, reserved 1048576K
}
Event: 1688.163 GC heap after
{Heap after GC invocations=34 (full 0):
 garbage-first heap   total 288768K, used 46244K [0x00000000a0000000, 0x0000000100000000)
  region size 1024K, 2 young (2048K), 2 survivors (2048K)
 Metaspace       used 64788K, committed 65344K, reserved 1105920K
  class space    used 8437K, committed 8640K, reserved 1048576K
}
Event: 1689.396 GC heap before
{Heap before GC invocations=34 (full 0):
 garbage-first heap   total 288768K, used 217252K [0x00000000a0000000, 0x0000000100000000)
  region size 1024K, 169 young (173056K), 2 survivors (2048K)
 Metaspace       used 64790K, committed 65344K, reserved 1105920K
  class space    used 8437K, committed 8640K, reserved 1048576K
}
Event: 1689.401 GC heap after
{Heap after GC invocations=35 (full 0):
 garbage-first heap   total 288768K, used 47484K [0x00000000a0000000, 0x0000000100000000)
  region size 1024K, 3 young (3072K), 3 survivors (3072K)
 Metaspace       used 64790K, committed 65344K, reserved 1105920K
  class space    used 8437K, committed 8640K, reserved 1048576K
}
Event: 1689.896 GC heap before
{Heap before GC invocations=35 (full 0):
 garbage-first heap   total 288768K, used 216444K [0x00000000a0000000, 0x0000000100000000)
  region size 1024K, 169 young (173056K), 3 survivors (3072K)
 Metaspace       used 64795K, committed 65344K, reserved 1105920K
  class space    used 8437K, committed 8640K, reserved 1048576K
}
Event: 1689.900 GC heap after
{Heap after GC invocations=36 (full 0):
 garbage-first heap   total 288768K, used 47600K [0x00000000a0000000, 0x0000000100000000)
  region size 1024K, 3 young (3072K), 3 survivors (3072K)
 Metaspace       used 64795K, committed 65344K, reserved 1105920K
  class space    used 8437K, committed 8640K, reserved 1048576K
}
Event: 1695.620 GC heap before
{Heap before GC invocations=36 (full 0):
 garbage-first heap   total 288768K, used 217584K [0x00000000a0000000, 0x0000000100000000)
  region size 1024K, 169 young (173056K), 3 survivors (3072K)
 Metaspace       used 64818K, committed 65344K, reserved 1105920K
  class space    used 8438K, committed 8640K, reserved 1048576K
}
Event: 1695.629 GC heap after
{Heap after GC invocations=37 (full 0):
 garbage-first heap   total 288768K, used 45416K [0x00000000a0000000, 0x0000000100000000)
  region size 1024K, 3 young (3072K), 3 survivors (3072K)
 Metaspace       used 64818K, committed 65344K, reserved 1105920K
  class space    used 8438K, committed 8640K, reserved 1048576K
}

