# JRE version: OpenJDK Runtime Environment (17.0.6) (build 17.0.6+0-b2043.56-9586694)
# Java VM: OpenJDK 64-Bit Server VM (17.0.6+0-b2043.56-9586694, mixed mode, tiered, compressed oops, compressed class ptrs, g1 gc, windows-amd64)
GC Precious Log:
 CPUs: 4 total, 4 available
 Memory: 8057M
 Large Page Support: Disabled
 NUMA Support: Disabled
 Compressed Oops: Enabled (32-bit)
 Heap Region Size: 1M
 Heap Min Capacity: 8M
 Heap Initial Capacity: 126M
 Heap Max Capacity: 1536M
 Pre-touch: Disabled
 Parallel Workers: 4
 Concurrent Workers: 1
 Concurrent Refinement Workers: 4
 Periodic GC: Disabled
Heap:
 garbage-first heap   total 252928K, used 147984K [0x00000000a0000000, 0x0000000100000000)
  region size 1024K, 66 young (67584K), 2 survivors (2048K)
 Metaspace       used 95190K, committed 96000K, reserved 1138688K
  class space    used 13067K, committed 13440K, reserved 1048576K
GC Heap History (20 events):
Event: 21.530 GC heap before
{Heap before GC invocations=41 (full 0):
 garbage-first heap   total 119808K, used 95976K [0x00000000a0000000, 0x0000000100000000)
  region size 1024K, 35 young (35840K), 2 survivors (2048K)
 Metaspace       used 75212K, committed 75712K, reserved 1122304K
  class space    used 9880K, committed 10112K, reserved 1048576K
}
Event: 21.536 GC heap after
{Heap after GC invocations=42 (full 0):
 garbage-first heap   total 119808K, used 62682K [0x00000000a0000000, 0x0000000100000000)
  region size 1024K, 3 young (3072K), 3 survivors (3072K)
 Metaspace       used 75212K, committed 75712K, reserved 1122304K
  class space    used 9880K, committed 10112K, reserved 1048576K
}
Event: 21.756 GC heap before
{Heap before GC invocations=42 (full 0):
 garbage-first heap   total 119808K, used 64730K [0x00000000a0000000, 0x0000000100000000)
  region size 1024K, 5 young (5120K), 3 survivors (3072K)
 Metaspace       used 75339K, committed 75840K, reserved 1122304K
  class space    used 9880K, committed 10112K, reserved 1048576K
}
Event: 21.764 GC heap after
{Heap after GC invocations=43 (full 0):
 garbage-first heap   total 119808K, used 62971K [0x00000000a0000000, 0x0000000100000000)
  region size 1024K, 1 young (1024K), 1 survivors (1024K)
 Metaspace       used 75339K, committed 75840K, reserved 1122304K
  class space    used 9880K, committed 10112K, reserved 1048576K
}
Event: 22.046 GC heap before
{Heap before GC invocations=43 (full 0):
 garbage-first heap   total 119808K, used 73211K [0x00000000a0000000, 0x0000000100000000)
  region size 1024K, 12 young (12288K), 1 survivors (1024K)
 Metaspace       used 75540K, committed 75968K, reserved 1122304K
  class space    used 9911K, committed 10112K, reserved 1048576K
}
Event: 22.050 GC heap after
{Heap after GC invocations=44 (full 0):
 garbage-first heap   total 119808K, used 63689K [0x00000000a0000000, 0x0000000100000000)
  region size 1024K, 2 young (2048K), 2 survivors (2048K)
 Metaspace       used 75540K, committed 75968K, reserved 1122304K
  class space    used 9911K, committed 10112K, reserved 1048576K
}
Event: 22.944 GC heap before
{Heap before GC invocations=45 (full 0):
 garbage-first heap   total 119808K, used 98505K [0x00000000a0000000, 0x0000000100000000)
  region size 1024K, 35 young (35840K), 2 survivors (2048K)
 Metaspace       used 76040K, committed 76544K, reserved 1122304K
  class space    used 9999K, committed 10240K, reserved 1048576K
}
Event: 22.951 GC heap after
{Heap after GC invocations=46 (full 0):
 garbage-first heap   total 119808K, used 66123K [0x00000000a0000000, 0x0000000100000000)
  region size 1024K, 4 young (4096K), 4 survivors (4096K)
 Metaspace       used 76040K, committed 76544K, reserved 1122304K
  class space    used 9999K, committed 10240K, reserved 1048576K
}
Event: 23.850 GC heap before
{Heap before GC invocations=46 (full 0):
 garbage-first heap   total 119808K, used 97867K [0x00000000a0000000, 0x0000000100000000)
  region size 1024K, 35 young (35840K), 4 survivors (4096K)
 Metaspace       used 77024K, committed 77632K, reserved 1122304K
  class space    used 10189K, committed 10432K, reserved 1048576K
}
Event: 23.861 GC heap after
{Heap after GC invocations=47 (full 0):
 garbage-first heap   total 119808K, used 67000K [0x00000000a0000000, 0x0000000100000000)
  region size 1024K, 1 young (1024K), 1 survivors (1024K)
 Metaspace       used 77024K, committed 77632K, reserved 1122304K
  class space    used 10189K, committed 10432K, reserved 1048576K
}
Event: 24.639 GC heap before
{Heap before GC invocations=48 (full 0):
 garbage-first heap   total 121856K, used 99768K [0x00000000a0000000, 0x0000000100000000)
  region size 1024K, 33 young (33792K), 1 survivors (1024K)
 Metaspace       used 77278K, committed 77888K, reserved 1122304K
  class space    used 10228K, committed 10496K, reserved 1048576K
}
Event: 24.645 GC heap after
{Heap after GC invocations=49 (full 0):
 garbage-first heap   total 121856K, used 69402K [0x00000000a0000000, 0x0000000100000000)
  region size 1024K, 4 young (4096K), 4 survivors (4096K)
 Metaspace       used 77278K, committed 77888K, reserved 1122304K
  class space    used 10228K, committed 10496K, reserved 1048576K
}
Event: 24.668 GC heap before
{Heap before GC invocations=49 (full 0):
 garbage-first heap   total 121856K, used 70426K [0x00000000a0000000, 0x0000000100000000)
  region size 1024K, 5 young (5120K), 4 survivors (4096K)
 Metaspace       used 77457K, committed 78080K, reserved 1122304K
  class space    used 10233K, committed 10496K, reserved 1048576K
}
Event: 24.680 GC heap after
{Heap after GC invocations=50 (full 0):
 garbage-first heap   total 121856K, used 69633K [0x00000000a0000000, 0x0000000100000000)
  region size 1024K, 1 young (1024K), 1 survivors (1024K)
 Metaspace       used 77457K, committed 78080K, reserved 1122304K
  class space    used 10233K, committed 10496K, reserved 1048576K
}
Event: 26.151 GC heap before
{Heap before GC invocations=50 (full 0):
 garbage-first heap   total 121856K, used 101377K [0x00000000a0000000, 0x0000000100000000)
  region size 1024K, 32 young (32768K), 1 survivors (1024K)
 Metaspace       used 80331K, committed 80960K, reserved 1122304K
  class space    used 10722K, committed 11008K, reserved 1048576K
}
Event: 26.161 GC heap after
{Heap after GC invocations=51 (full 0):
 garbage-first heap   total 270336K, used 71219K [0x00000000a0000000, 0x0000000100000000)
  region size 1024K, 3 young (3072K), 3 survivors (3072K)
 Metaspace       used 80331K, committed 80960K, reserved 1122304K
  class space    used 10722K, committed 11008K, reserved 1048576K
}
Event: 32.896 GC heap before
{Heap before GC invocations=52 (full 0):
 garbage-first heap   total 252928K, used 200243K [0x00000000a0000000, 0x0000000100000000)
  region size 1024K, 129 young (132096K), 3 survivors (3072K)
 Metaspace       used 92052K, committed 92736K, reserved 1130496K
  class space    used 12566K, committed 12864K, reserved 1048576K
}
Event: 32.938 GC heap after
{Heap after GC invocations=53 (full 0):
 garbage-first heap   total 252928K, used 82144K [0x00000000a0000000, 0x0000000100000000)
  region size 1024K, 13 young (13312K), 13 survivors (13312K)
 Metaspace       used 92052K, committed 92736K, reserved 1130496K
  class space    used 12566K, committed 12864K, reserved 1048576K
}
Event: 32.984 GC heap before
{Heap before GC invocations=53 (full 0):
 garbage-first heap   total 252928K, used 83168K [0x00000000a0000000, 0x0000000100000000)
  region size 1024K, 14 young (14336K), 13 survivors (13312K)
 Metaspace       used 92128K, committed 92800K, reserved 1130496K
  class space    used 12576K, committed 12864K, reserved 1048576K
}
Event: 33.006 GC heap after
{Heap after GC invocations=54 (full 0):
 garbage-first heap   total 252928K, used 83472K [0x00000000a0000000, 0x0000000100000000)
  region size 1024K, 2 young (2048K), 2 survivors (2048K)
 Metaspace       used 92128K, committed 92800K, reserved 1130496K
  class space    used 12576K, committed 12864K, reserved 1048576K
}

