# JRE version: OpenJDK Runtime Environment (17.0.6) (build 17.0.6+0-b2043.56-9586694)
# Java VM: OpenJDK 64-Bit Server VM (17.0.6+0-b2043.56-9586694, mixed mode, tiered, compressed oops, compressed class ptrs, g1 gc, windows-amd64)
GC Precious Log:
 CPUs: 4 total, 4 available
 Memory: 8057M
 Large Page Support: Disabled
 NUMA Support: Disabled
 Compressed Oops: Enabled (32-bit)
 Heap Region Size: 1M
 Heap Min Capacity: 8M
 Heap Initial Capacity: 126M
 Heap Max Capacity: 1536M
 Pre-touch: Disabled
 Parallel Workers: 4
 Concurrent Workers: 1
 Concurrent Refinement Workers: 4
 Periodic GC: Disabled
Heap:
 garbage-first heap   total 159744K, used 111164K [0x00000000a0000000, 0x0000000100000000)
  region size 1024K, 19 young (19456K), 4 survivors (4096K)
 Metaspace       used 95687K, committed 96448K, reserved 1138688K
  class space    used 13121K, committed 13440K, reserved 1048576K
GC Heap History (20 events):
Event: 54.656 GC heap before
{Heap before GC invocations=71 (full 0):
 garbage-first heap   total 159744K, used 70002K [0x00000000a0000000, 0x0000000100000000)
  region size 1024K, 13 young (13312K), 3 survivors (3072K)
 Metaspace       used 65680K, committed 66176K, reserved 1114112K
  class space    used 8627K, committed 8896K, reserved 1048576K
}
Event: 54.662 GC heap after
{Heap after GC invocations=72 (full 0):
 garbage-first heap   total 159744K, used 60637K [0x00000000a0000000, 0x0000000100000000)
  region size 1024K, 3 young (3072K), 3 survivors (3072K)
 Metaspace       used 65680K, committed 66176K, reserved 1114112K
  class space    used 8627K, committed 8896K, reserved 1048576K
}
Event: 57.737 GC heap before
{Heap before GC invocations=73 (full 0):
 garbage-first heap   total 159744K, used 140509K [0x00000000a0000000, 0x0000000100000000)
  region size 1024K, 74 young (75776K), 3 survivors (3072K)
 Metaspace       used 72976K, committed 73536K, reserved 1114112K
  class space    used 9547K, committed 9792K, reserved 1048576K
}
Event: 57.750 GC heap after
{Heap after GC invocations=74 (full 0):
 garbage-first heap   total 159744K, used 67271K [0x00000000a0000000, 0x0000000100000000)
  region size 1024K, 9 young (9216K), 9 survivors (9216K)
 Metaspace       used 72976K, committed 73536K, reserved 1114112K
  class space    used 9547K, committed 9792K, reserved 1048576K
}
Event: 57.799 GC heap before
{Heap before GC invocations=74 (full 0):
 garbage-first heap   total 159744K, used 68295K [0x00000000a0000000, 0x0000000100000000)
  region size 1024K, 10 young (10240K), 9 survivors (9216K)
 Metaspace       used 73035K, committed 73536K, reserved 1114112K
  class space    used 9560K, committed 9792K, reserved 1048576K
}
Event: 57.814 GC heap after
{Heap after GC invocations=75 (full 0):
 garbage-first heap   total 159744K, used 67478K [0x00000000a0000000, 0x0000000100000000)
  region size 1024K, 2 young (2048K), 2 survivors (2048K)
 Metaspace       used 73035K, committed 73536K, reserved 1114112K
  class space    used 9560K, committed 9792K, reserved 1048576K
}
Event: 60.089 GC heap before
{Heap before GC invocations=75 (full 0):
 garbage-first heap   total 159744K, used 133014K [0x00000000a0000000, 0x0000000100000000)
  region size 1024K, 65 young (66560K), 2 survivors (2048K)
 Metaspace       used 76160K, committed 76672K, reserved 1122304K
  class space    used 9974K, committed 10176K, reserved 1048576K
}
Event: 60.099 GC heap after
{Heap after GC invocations=76 (full 0):
 garbage-first heap   total 159744K, used 73202K [0x00000000a0000000, 0x0000000100000000)
  region size 1024K, 6 young (6144K), 6 survivors (6144K)
 Metaspace       used 76160K, committed 76672K, reserved 1122304K
  class space    used 9974K, committed 10176K, reserved 1048576K
}
Event: 61.255 GC heap before
{Heap before GC invocations=76 (full 0):
 garbage-first heap   total 159744K, used 130546K [0x00000000a0000000, 0x0000000100000000)
  region size 1024K, 62 young (63488K), 6 survivors (6144K)
 Metaspace       used 77547K, committed 78144K, reserved 1122304K
  class space    used 10239K, committed 10496K, reserved 1048576K
}
Event: 61.266 GC heap after
{Heap after GC invocations=77 (full 0):
 garbage-first heap   total 159744K, used 76059K [0x00000000a0000000, 0x0000000100000000)
  region size 1024K, 3 young (3072K), 3 survivors (3072K)
 Metaspace       used 77547K, committed 78144K, reserved 1122304K
  class space    used 10239K, committed 10496K, reserved 1048576K
}
Event: 62.603 GC heap before
{Heap before GC invocations=77 (full 0):
 garbage-first heap   total 159744K, used 131355K [0x00000000a0000000, 0x0000000100000000)
  region size 1024K, 57 young (58368K), 3 survivors (3072K)
 Metaspace       used 80449K, committed 81024K, reserved 1122304K
  class space    used 10697K, committed 10944K, reserved 1048576K
}
Event: 62.617 GC heap after
{Heap after GC invocations=78 (full 0):
 garbage-first heap   total 159744K, used 79923K [0x00000000a0000000, 0x0000000100000000)
  region size 1024K, 7 young (7168K), 7 survivors (7168K)
 Metaspace       used 80449K, committed 81024K, reserved 1122304K
  class space    used 10697K, committed 10944K, reserved 1048576K
}
Event: 63.866 GC heap before
{Heap before GC invocations=78 (full 0):
 garbage-first heap   total 159744K, used 132147K [0x00000000a0000000, 0x0000000100000000)
  region size 1024K, 58 young (59392K), 7 survivors (7168K)
 Metaspace       used 84865K, committed 85440K, reserved 1130496K
  class space    used 11462K, committed 11712K, reserved 1048576K
}
Event: 63.887 GC heap after
{Heap after GC invocations=79 (full 0):
 garbage-first heap   total 159744K, used 83968K [0x00000000a0000000, 0x0000000100000000)
  region size 1024K, 8 young (8192K), 8 survivors (8192K)
 Metaspace       used 84865K, committed 85440K, reserved 1130496K
  class space    used 11462K, committed 11712K, reserved 1048576K
}
Event: 65.205 GC heap before
{Heap before GC invocations=79 (full 0):
 garbage-first heap   total 159744K, used 133120K [0x00000000a0000000, 0x0000000100000000)
  region size 1024K, 56 young (57344K), 8 survivors (8192K)
 Metaspace       used 88111K, committed 88768K, reserved 1130496K
  class space    used 11972K, committed 12224K, reserved 1048576K
}
Event: 65.226 GC heap after
{Heap after GC invocations=80 (full 0):
 garbage-first heap   total 159744K, used 89828K [0x00000000a0000000, 0x0000000100000000)
  region size 1024K, 6 young (6144K), 6 survivors (6144K)
 Metaspace       used 88111K, committed 88768K, reserved 1130496K
  class space    used 11972K, committed 12224K, reserved 1048576K
}
Event: 66.897 GC heap before
{Heap before GC invocations=80 (full 0):
 garbage-first heap   total 159744K, used 131812K [0x00000000a0000000, 0x0000000100000000)
  region size 1024K, 47 young (48128K), 6 survivors (6144K)
 Metaspace       used 93416K, committed 94080K, reserved 1130496K
  class space    used 12744K, committed 13056K, reserved 1048576K
}
Event: 66.918 GC heap after
{Heap after GC invocations=81 (full 0):
 garbage-first heap   total 159744K, used 93646K [0x00000000a0000000, 0x0000000100000000)
  region size 1024K, 4 young (4096K), 4 survivors (4096K)
 Metaspace       used 93416K, committed 94080K, reserved 1130496K
  class space    used 12744K, committed 13056K, reserved 1048576K
}
Event: 69.246 GC heap before
{Heap before GC invocations=81 (full 0):
 garbage-first heap   total 159744K, used 132558K [0x00000000a0000000, 0x0000000100000000)
  region size 1024K, 42 young (43008K), 4 survivors (4096K)
 Metaspace       used 95138K, committed 95872K, reserved 1138688K
  class space    used 13022K, committed 13312K, reserved 1048576K
}
Event: 69.259 GC heap after
{Heap after GC invocations=82 (full 0):
 garbage-first heap   total 159744K, used 96828K [0x00000000a0000000, 0x0000000100000000)
  region size 1024K, 4 young (4096K), 4 survivors (4096K)
 Metaspace       used 95138K, committed 95872K, reserved 1138688K
  class space    used 13022K, committed 13312K, reserved 1048576K
}

